<?xml version="1.0" encoding="UTF-8"?>
<!-- Generated by org.testng.reporters.JUnitReportReporter -->
<testsuite skipped="0" hostname="Mihails-MacBook-Pro.local" name="scripts.CarvanaBasePageTest" tests="6" failures="0" timestamp="2023-02-05T15:58:41 CST" time="223.277" errors="0">
  <testcase name="validateTitleAndURL" time="23.861" classname="scripts.CarvanaBasePageTest"/>
  <system-out/>
  <testcase name="validateLogo" time="25.275" classname="scripts.CarvanaBasePageTest"/>
  <system-out/>
  <testcase name="validateMainNavItems" time="54.491" classname="scripts.CarvanaBasePageTest"/>
  <system-out/>
  <testcase name="validateSignInErrorMessage" time="31.747" classname="scripts.CarvanaBasePageTest"/>
  <system-out/>
  <testcase name="validateSearchFilterOptionsAndSearchButton" time="32.454" classname="scripts.CarvanaBasePageTest"/>
  <system-out/>
  <testcase name="validateSearchResultsTiles" time="55.449" classname="scripts.CarvanaBasePageTest"/>
  <system-out/>
</testsuite> <!-- scripts.CarvanaBasePageTest -->
